Removed Pin From Net: NetName=+3.3V Pin=B1-1
Removed Pin From Net: NetName=GND Pin=B1-2
Removed Pin From Net: NetName=GND Pin=B1-3
Removed Pin From Net: NetName=GND Pin=B1-4
Removed Pin From Net: NetName=XSHUT Pin=B1-5
Removed Pin From Net: NetName=GND Pin=B1-6
Removed Pin From Net: NetName=VL53_INT Pin=B1-7
Removed Pin From Net: NetName=VL53_SDA Pin=B1-9
Removed Pin From Net: NetName=VL53_SCL Pin=B1-10
Removed Pin From Net: NetName=+3.3V Pin=B1-11
Removed Pin From Net: NetName=GND Pin=B1-12
Removed Member From Class: ClassName=S4V_ToF_Sensor_Module_Board_V1.0_Schematic Member=B1
Added Component: Designator=U8(FP-LGA-12-MFG)
Add component (AddParameter): Name = "Automotive"; Value = "No"; VariantName = "[No Variations]"
Add component (AddParameter): Name = "Category"; Value = "IC"; VariantName = "[No Variations]"
Add component (AddParameter): Name = "ComponentLink2Description"; Value = "Datasheet"; VariantName = "[No Variations]"
Add component (AddParameter): Name = "ComponentLink2URL"; Value = "https://www.st.com/resource/en/datasheet/vl53l0x.pdf"; VariantName = "[No Variations]"
Add component (AddParameter): Name = "Device Class L1"; Value = "Sensors"; VariantName = "[No Variations]"
Add component (AddParameter): Name = "Device Class L2"; Value = "Optical Sensors"; VariantName = "[No Variations]"
Add component (AddParameter): Name = "Device Class L3"; Value = "unset"; VariantName = "[No Variations]"
Add component (AddParameter): Name = "Digikey Description"; Value = "SENSOR OPTICAL 200CM I2C"; VariantName = "[No Variations]"
Add component (AddParameter): Name = "Height"; Value = "1.05mm"; VariantName = "[No Variations]"
Add component (AddParameter): Name = "Lead Free"; Value = "Yes"; VariantName = "[No Variations]"
Add component (AddParameter): Name = "Manufacturer"; Value = "STMicroelectronics"; VariantName = "[No Variations]"
Add component (AddParameter): Name = "Manufacturer Part Number"; Value = "VL53L0CXV0DH/1"; VariantName = "[No Variations]"
Add component (AddParameter): Name = "Max Supply Voltage"; Value = "3.5V"; VariantName = "[No Variations]"
Add component (AddParameter): Name = "Min Supply Voltage"; Value = "1.6V"; VariantName = "[No Variations]"
Add component (AddParameter): Name = "Octopart"; Value = "https://octopart.com/vl53l0cxv0dh%2F1-stmicroelectronics-71168165"; VariantName = "[No Variations]"
Add component (AddParameter): Name = "Operating Supply Current"; Value = "0.016-19mA"; VariantName = "[No Variations]"
Add component (AddParameter): Name = "Package"; Value = "LGA-12"; VariantName = "[No Variations]"
Add component (AddParameter): Name = "RoHS"; Value = "TRUE"; VariantName = "[No Variations]"
Add component (AddParameter): Name = "Sensor Output"; Value = "I2C"; VariantName = "[No Variations]"
Add component (AddParameter): Name = "Temperature"; Value = "-20°C to +70°C"; VariantName = "[No Variations]"
Add component (AddParameter): Name = "Temperature Range High"; Value = "+70°C"; VariantName = "[No Variations]"
Add component (AddParameter): Name = "Temperature Range Low"; Value = "-20°C"; VariantName = "[No Variations]"
Added Pin To Net: NetName=+3.3V Pin=U8-1
Added Pin To Net: NetName=GND Pin=U8-2
Added Pin To Net: NetName=GND Pin=U8-3
Added Pin To Net: NetName=GND Pin=U8-4
Added Pin To Net: NetName=XSHUT Pin=U8-5
Added Pin To Net: NetName=GND Pin=U8-6
Added Pin To Net: NetName=VL53_INT Pin=U8-7
Added Pin To Net: NetName=VL53_SDA Pin=U8-9
Added Pin To Net: NetName=VL53_SCL Pin=U8-10
Added Pin To Net: NetName=+3.3V Pin=U8-11
Added Pin To Net: NetName=GND Pin=U8-12
Added Member To Class: ClassName=S4V_ToF_Sensor_Module_Board_V1.0_Schematic Member=Component U8 VL53L0CXV0DH/1
