Added Pin To Net: NetName=+3.3V Pin=B1-1
Added Pin To Net: NetName=+3.3V Pin=B1-11
Added Pin To Net: NetName=+3.3V Pin=C6-2
Added Pin To Net: NetName=+3.3V Pin=C7-2
Added Pin To Net: NetName=+3.3V Pin=C8-2
Added Pin To Net: NetName=+3.3V Pin=C9-2
Added Pin To Net: NetName=+3.3V Pin=C10-2
Added Pin To Net: NetName=+3.3V Pin=C11-2
Added Pin To Net: NetName=+3.3V Pin=C12-2
Added Pin To Net: NetName=+3.3V Pin=C13-2
Added Pin To Net: NetName=+3.3V Pin=C14-2
Added Pin To Net: NetName=+3.3V Pin=C15-2
Added Pin To Net: NetName=+3.3V Pin=C16-2
Added Pin To Net: NetName=+3.3V Pin=C17-2
Added Pin To Net: NetName=+3.3V Pin=C18-2
Added Pin To Net: NetName=+3.3V Pin=D3-A
Added Pin To Net: NetName=+3.3V Pin=D4-A
Added Pin To Net: NetName=+3.3V Pin=D5-A
Added Pin To Net: NetName=+3.3V Pin=R1-2
Added Pin To Net: NetName=+3.3V Pin=R2-2
Added Pin To Net: NetName=+3.3V Pin=R4-2
Added Pin To Net: NetName=+3.3V Pin=R6-1
Added Pin To Net: NetName=+3.3V Pin=U1-1
Added Pin To Net: NetName=+3.3V Pin=U1-9
Added Pin To Net: NetName=+3.3V Pin=U1-24
Added Pin To Net: NetName=+3.3V Pin=U1-36
Added Pin To Net: NetName=+3.3V Pin=U1-48
Added Pin To Net: NetName=+3.3V Pin=U2-2
Added Pin To Net: NetName=+3.3V Pin=U2-4
Added Pin To Net: NetName=+3.3V Pin=U3-8
Added Net: Name=+3.3V
Added Pin To Net: NetName=+5V Pin=J1-1
Added Pin To Net: NetName=+5V Pin=J2-1
Added Pin To Net: NetName=+5V Pin=JP1-4
Added Pin To Net: NetName=+5V Pin=U2-3
Added Net: Name=+5V
Added Pin To Net: NetName=A Pin=J1-2
Added Pin To Net: NetName=A Pin=R6-2
Added Pin To Net: NetName=A Pin=R8-1
Added Pin To Net: NetName=A Pin=U3-6
Added Pin To Net: NetName=A Pin=U4-1
Added Net: Name=A
Added Pin To Net: NetName=B Pin=J1-3
Added Pin To Net: NetName=B Pin=R7-2
Added Pin To Net: NetName=B Pin=R8-2
Added Pin To Net: NetName=B Pin=U3-7
Added Pin To Net: NetName=B Pin=U4-2
Added Net: Name=B
Added Pin To Net: NetName=DE Pin=U1-20
Added Pin To Net: NetName=DE Pin=U3-3
Added Net: Name=DE
Added Pin To Net: NetName=FAULT Pin=U1-46
Added Net: Name=FAULT
Added Pin To Net: NetName=GND Pin=B1-2
Added Pin To Net: NetName=GND Pin=B1-3
Added Pin To Net: NetName=GND Pin=B1-4
Added Pin To Net: NetName=GND Pin=B1-6
Added Pin To Net: NetName=GND Pin=B1-12
Added Pin To Net: NetName=GND Pin=BT1-2
Added Pin To Net: NetName=GND Pin=C1-1
Added Pin To Net: NetName=GND Pin=C2-1
Added Pin To Net: NetName=GND Pin=C3-1
Added Pin To Net: NetName=GND Pin=C4-1
Added Pin To Net: NetName=GND Pin=C5-1
Added Pin To Net: NetName=GND Pin=C6-1
Added Pin To Net: NetName=GND Pin=C7-1
Added Pin To Net: NetName=GND Pin=C8-1
Added Pin To Net: NetName=GND Pin=C9-1
Added Pin To Net: NetName=GND Pin=C10-1
Added Pin To Net: NetName=GND Pin=C11-1
Added Pin To Net: NetName=GND Pin=C12-1
Added Pin To Net: NetName=GND Pin=C13-1
Added Pin To Net: NetName=GND Pin=C14-1
Added Pin To Net: NetName=GND Pin=C15-1
Added Pin To Net: NetName=GND Pin=C16-1
Added Pin To Net: NetName=GND Pin=C17-1
Added Pin To Net: NetName=GND Pin=C18-1
Added Pin To Net: NetName=GND Pin=D1-2
Added Pin To Net: NetName=GND Pin=D2-2
Added Pin To Net: NetName=GND Pin=J1-4
Added Pin To Net: NetName=GND Pin=J2-4
Added Pin To Net: NetName=GND Pin=JP1-1
Added Pin To Net: NetName=GND Pin=R3-2
Added Pin To Net: NetName=GND Pin=R7-1
Added Pin To Net: NetName=GND Pin=R9-2
Added Pin To Net: NetName=GND Pin=U1-8
Added Pin To Net: NetName=GND Pin=U1-23
Added Pin To Net: NetName=GND Pin=U1-35
Added Pin To Net: NetName=GND Pin=U1-47
Added Pin To Net: NetName=GND Pin=U2-1
Added Pin To Net: NetName=GND Pin=U3-5
Added Pin To Net: NetName=GND Pin=U4-3
Added Pin To Net: NetName=GND Pin=X1-2
Added Pin To Net: NetName=GND Pin=X1-4
Added Net: Name=GND
Added Pin To Net: NetName=MCU_BOOT0 Pin=R3-1
Added Pin To Net: NetName=MCU_BOOT0 Pin=U1-44
Added Net: Name=MCU_BOOT0
Added Pin To Net: NetName=MCU_OSCIN Pin=C1-2
Added Pin To Net: NetName=MCU_OSCIN Pin=U1-3
Added Pin To Net: NetName=MCU_OSCIN Pin=X1-1
Added Net: Name=MCU_OSCIN
Added Pin To Net: NetName=MCU_OSCOUT Pin=C2-2
Added Pin To Net: NetName=MCU_OSCOUT Pin=U1-4
Added Pin To Net: NetName=MCU_OSCOUT Pin=X1-3
Added Net: Name=MCU_OSCOUT
Added Pin To Net: NetName=NetBT1_1 Pin=BT1-1
Added Pin To Net: NetName=NetBT1_1 Pin=R5-2
Added Net: Name=NetBT1_1
Added Pin To Net: NetName=NetC3_2 Pin=C3-2
Added Pin To Net: NetName=NetC3_2 Pin=R4-1
Added Net: Name=NetC3_2
Added Pin To Net: NetName=NetD3_K Pin=D3-K
Added Pin To Net: NetName=NetD3_K Pin=R9-1
Added Net: Name=NetD3_K
Added Pin To Net: NetName=NetD4_K Pin=D4-K
Added Pin To Net: NetName=NetD4_K Pin=R10-1
Added Net: Name=NetD4_K
Added Pin To Net: NetName=NetD5_K Pin=D5-K
Added Pin To Net: NetName=NetD5_K Pin=R11-1
Added Net: Name=NetD5_K
Added Pin To Net: NetName=NetR5_1 Pin=R5-1
Added Pin To Net: NetName=NetR5_1 Pin=U1-7
Added Net: Name=NetR5_1
Added Pin To Net: NetName=OK Pin=R11-2
Added Pin To Net: NetName=OK Pin=U1-45
Added Net: Name=OK
Added Pin To Net: NetName=RE Pin=U1-19
Added Pin To Net: NetName=RE Pin=U3-2
Added Net: Name=RE
Added Pin To Net: NetName=SWCLK Pin=D2-1
Added Pin To Net: NetName=SWCLK Pin=JP1-3
Added Pin To Net: NetName=SWCLK Pin=U1-37
Added Net: Name=SWCLK
Added Pin To Net: NetName=SWDIO Pin=D1-1
Added Pin To Net: NetName=SWDIO Pin=JP1-2
Added Pin To Net: NetName=SWDIO Pin=U1-34
Added Net: Name=SWDIO
Added Pin To Net: NetName=USART1_RX Pin=J2-3
Added Pin To Net: NetName=USART1_RX Pin=U1-31
Added Net: Name=USART1_RX
Added Pin To Net: NetName=USART1_TX Pin=J2-2
Added Pin To Net: NetName=USART1_TX Pin=U1-30
Added Net: Name=USART1_TX
Added Pin To Net: NetName=USART3_RX Pin=U1-22
Added Pin To Net: NetName=USART3_RX Pin=U3-1
Added Net: Name=USART3_RX
Added Pin To Net: NetName=USART3_TX Pin=U3-4
Added Net: Name=USART3_TX
Added Pin To Net: NetName=VL53_INT Pin=B1-7
Added Pin To Net: NetName=VL53_INT Pin=U1-33
Added Net: Name=VL53_INT
Added Pin To Net: NetName=VL53_SCL Pin=B1-10
Added Pin To Net: NetName=VL53_SCL Pin=R1-1
Added Pin To Net: NetName=VL53_SCL Pin=U1-42
Added Net: Name=VL53_SCL
Added Pin To Net: NetName=VL53_SDA Pin=B1-9
Added Pin To Net: NetName=VL53_SDA Pin=R2-1
Added Pin To Net: NetName=VL53_SDA Pin=U1-43
Added Net: Name=VL53_SDA
Added Pin To Net: NetName=XSHUT Pin=B1-5
Added Pin To Net: NetName=XSHUT Pin=U1-32
Added Net: Name=XSHUT
Added Class: Name=S4V_ToF_Sensor_Module_Board_V1.0_Schematic
