Removed Pin From Net: NetName=USART1_RX Pin=C30-2
Removed Pin From Net: NetName=LPUART1_TX Pin=C31-2
Removed Pin From Net: NetName=NetC31_1 Pin=Q1-1
Removed Pin From Net: NetName=NetC30_1 Pin=Q2-1
Removed Pin From Net: NetName=NetC31_1 Pin=R20-2
Removed Pin From Net: NetName=NetC30_1 Pin=R21-2
Removed Pin From Net: NetName=GND Pin=U8-9
Added Pin To Net: NetName=NetC30_1 Pin=D9-A
Added Pin To Net: NetName=NetC31_1 Pin=D10-A
Added Pin To Net: NetName=NetC31_1 Pin=Q1-3
Added Pin To Net: NetName=NetC30_1 Pin=Q2-3
Added Pin To Net: NetName=NetC30_2 Pin=C30-2
Added Pin To Net: NetName=NetC30_2 Pin=D9-K
Added Pin To Net: NetName=NetC30_2 Pin=R19-1
Added Net: Name=NetC30_2
Added Pin To Net: NetName=NetC31_2 Pin=C31-2
Added Pin To Net: NetName=NetC31_2 Pin=D10-K
Added Pin To Net: NetName=NetC31_2 Pin=R25-1
Added Net: Name=NetC31_2
Added Pin To Net: NetName=NetQ1_1 Pin=Q1-1
Added Pin To Net: NetName=NetQ1_1 Pin=R20-2
Added Net: Name=NetQ1_1
Added Pin To Net: NetName=NetQ2_1 Pin=Q2-1
Added Pin To Net: NetName=NetQ2_1 Pin=R21-2
Added Net: Name=NetQ2_1
