Change Component Footprint: Designator=D8 Old Footprint=FP-403AE-MFG New Footprint=LED_0603_BLUE
Change Component Footprint: Designator=D10 Old Footprint=LED_0603_BLUE New Footprint=FP-403AE-MFG
Change Component Footprint: Designator=R9 Old Footprint=RES_0402 New Footprint=RES_0603
Change Component Footprint: Designator=R10 Old Footprint=RES_0603 New Footprint=RES_0402
Change Component Comment : Designator=R10 Old Comment=1k New Comment=10k
Change Component Comment : Designator=R19 Old Comment=1k New Comment=210k
Change Component Comment : Designator=R4 Old Comment=1k New Comment=330
Change Component Comment : Designator=R9 Old Comment=10k New Comment=1k
Change Component Comment : Designator=R18 Old Comment=10k New Comment=100k
Change Component Comment : Designator=R15 Old Comment=10k New Comment=330
Change Component Comment : Designator=C20 Old Comment=10uF New Comment=100nF
Change Component Comment : Designator=C22 Old Comment=10uF New Comment=100nF
Change Component Comment : Designator=C25 Old Comment=10uF New Comment=100nF
Change Component Comment : Designator=C26 Old Comment=22uF New Comment=10uF
Change Component Comment : Designator=R17 Old Comment=24.9k New Comment=330
Change Component Comment : Designator=R16 Old Comment=40.2k New Comment=330
Change Component Comment : Designator=R13 Old Comment=100k New Comment=120
Change Component Comment : Designator=C21 Old Comment=100nF New Comment=10uF
Change Component Comment : Designator=C28 Old Comment=100nF New Comment=22uF
Change Component Comment : Designator=C30 Old Comment=100nF New Comment=150pF
Change Component Comment : Designator=R12 Old Comment=120 New Comment=1k
Change Component Comment : Designator=C29 Old Comment=150pF New Comment=100nF
Change Component Comment : Designator=R14 Old Comment=210k New Comment=330
Change Component Comment : Designator=R20 Old Comment=330 New Comment=10k
Change Component Comment : Designator=R21 Old Comment=330 New Comment=40.2k
Change Component Comment : Designator=D10 Old Comment=BLUE New Comment=SS34
Change Component Comment : Designator=D8 Old Comment=SS34 New Comment=BLUE
Change Managed Component Library Link : Designator=D8 Old VaultGUID=B7D15EC3-160A-466F-A46C-7801FE6295A7 New VaultGUID= Old ItemGUID=9F72A232-2C85-476A-9F96-4A915A0D61FD New ItemGUID= Old RevisionGUID=F742670C-89EE-47B4-BC6A-76403A25BE6E New RevisionGUID=
Change Managed Component Library Link : Designator=D10 Old VaultGUID= New VaultGUID=B7D15EC3-160A-466F-A46C-7801FE6295A7 Old ItemGUID= New ItemGUID=9F72A232-2C85-476A-9F96-4A915A0D61FD Old RevisionGUID= New RevisionGUID=F742670C-89EE-47B4-BC6A-76403A25BE6E
Change component parameters: Designator = "D8" ("D8"); Footprint = "FP-403AE-MFG"; UniqueID = "\WFXBXRMD" ("\WFXBXRMD")
Change component parameters: Designator = "D10" ("D10"); Footprint = "LED_0603_BLUE"; UniqueID = "\ZVRQEEZO" ("\ZVRQEEZO")
Change component parameters (AddParameter): Name = "Automotive"; Value = "No"; VariantName = "[No Variations]"
Change component parameters (AddParameter): Name = "Category"; Value = "Diode"; VariantName = "[No Variations]"
Change component parameters (AddParameter): Name = "ComponentLink2Description"; Value = "Datasheet"; VariantName = "[No Variations]"
Change component parameters (AddParameter): Name = "ComponentLink2URL"; Value = "https://www.onsemi.com/pub/Collateral/SS19-D.PDF"; VariantName = "[No Variations]"
Change component parameters (AddParameter): Name = "Device Class L1"; Value = "Discrete Semiconductors"; VariantName = "[No Variations]"
Change component parameters (AddParameter): Name = "Device Class L2"; Value = "Diodes"; VariantName = "[No Variations]"
Change component parameters (AddParameter): Name = "Device Class L3"; Value = "Schottky Diodes"; VariantName = "[No Variations]"
Change component parameters (AddParameter): Name = "Digikey Description"; Value = "DIODE SCHOTTKY 40V 1A SMA"; VariantName = "[No Variations]"
Change component parameters (AddParameter): Name = "Forward Current"; Value = "1A"; VariantName = "[No Variations]"
Change component parameters (AddParameter): Name = "Height"; Value = "2.5mm"; VariantName = "[No Variations]"
Change component parameters (AddParameter): Name = "Lead Free"; Value = "Yes"; VariantName = "[No Variations]"
Change component parameters (AddParameter): Name = "Manufacturer"; Value = "ON Semiconductor"; VariantName = "[No Variations]"
Change component parameters (AddParameter): Name = "Manufacturer Part Number"; Value = "SS14"; VariantName = "[No Variations]"
Change component parameters (AddParameter): Name = "Max Junction Temp"; Value = "+125°C"; VariantName = "[No Variations]"
Change component parameters (AddParameter): Name = "Max Repetitive Reverse Voltage"; Value = "40V"; VariantName = "[No Variations]"
Change component parameters (AddParameter): Name = "Max Surge Forward Current"; Value = "40A"; VariantName = "[No Variations]"
Change component parameters (AddParameter): Name = "Mouser Description"; Value = "Schottky Diodes & Rectifiers SMA 40V 1.0A"; VariantName = "[No Variations]"
Change component parameters (AddParameter): Name = "Octopart"; Value = "https://octopart.com/ss14-on+semiconductor-29205033"; VariantName = "[No Variations]"
Change component parameters (AddParameter): Name = "Package"; Value = "403AE"; VariantName = "[No Variations]"
Change component parameters (AddParameter): Name = "Peak Reverse Current"; Value = "0.2mA"; VariantName = "[No Variations]"
Change component parameters (AddParameter): Name = "RoHS"; Value = "TRUE"; VariantName = "[No Variations]"
Change component parameters (AddParameter): Name = "Standoff Height"; Value = "0.05mm"; VariantName = "[No Variations]"
Change component parameters (AddParameter): Name = "Temperature"; Value = "-65°C to +125°C"; VariantName = "[No Variations]"
Change component parameters (AddParameter): Name = "Temperature Range High"; Value = "+125°C"; VariantName = "[No Variations]"
Change component parameters (AddParameter): Name = "Temperature Range Low"; Value = "-65°C"; VariantName = "[No Variations]"
Added Component: Designator=A1(IFA_Antenna)
Added Component: Designator=C17(CAPC1608X90X35ML15T15)
Add component (AddParameter): Name = "Capacitor Type"; Value = "Ceramic"; VariantName = "[No Variations]"
Add component (AddParameter): Name = "Case/Package"; Value = "0603"; VariantName = "[No Variations]"
Add component (AddParameter): Name = "Max Operating Temperature"; Value = "125°C"; VariantName = "[No Variations]"
Add component (AddParameter): Name = "Min Operating Temperature"; Value = "-55°C"; VariantName = "[No Variations]"
Add component (AddParameter): Name = "Mounting Technology"; Value = "SM"; VariantName = "[No Variations]"
Add component (AddParameter): Name = "Pins"; Value = "2"; VariantName = "[No Variations]"
Add component (AddParameter): Name = "Ripple Current"; Value = ""; VariantName = "[No Variations]"
Add component (AddParameter): Name = "Ripple Current (AC)"; Value = ""; VariantName = "[No Variations]"
Add component (AddParameter): Name = "RoHS Compliant"; Value = "True"; VariantName = "[No Variations]"
Add component (AddParameter): Name = "Tolerance"; Value = "10%"; VariantName = "[No Variations]"
Add component (AddParameter): Name = "Value"; Value = "1uF"; VariantName = "[No Variations]"
Add component (AddParameter): Name = "Voltage Rating"; Value = "16V"; VariantName = "[No Variations]"
Added Component: Designator=C19(CAP_0603)
Add component (AddParameter): Name = "Dielectric"; Value = ""; VariantName = "[No Variations]"
Add component (AddParameter): Name = "Distributor Link"; Value = ""; VariantName = "[No Variations]"
Add component (AddParameter): Name = "LCSC"; Value = ""; VariantName = "[No Variations]"
Add component (AddParameter): Name = "Manufacturer"; Value = ""; VariantName = "[No Variations]"
Add component (AddParameter): Name = "Manufacturer Part Number"; Value = ""; VariantName = "[No Variations]"
Add component (AddParameter): Name = "Rating"; Value = ""; VariantName = "[No Variations]"
Add Component: Footprint Not Found JP 1x4 DT
Added Component: Designator=R22(RES_0603)
Add component (AddParameter): Name = "Distributor Link"; Value = ""; VariantName = "[No Variations]"
Add component (AddParameter): Name = "LCSC"; Value = ""; VariantName = "[No Variations]"
Add component (AddParameter): Name = "Manufacturer"; Value = ""; VariantName = "[No Variations]"
Add component (AddParameter): Name = "Manufacturer Part Number"; Value = ""; VariantName = "[No Variations]"
Added Component: Designator=R23(RES_0603)
Add component (AddParameter): Name = "Distributor Link"; Value = ""; VariantName = "[No Variations]"
Add component (AddParameter): Name = "LCSC"; Value = ""; VariantName = "[No Variations]"
Add component (AddParameter): Name = "Manufacturer"; Value = ""; VariantName = "[No Variations]"
Add component (AddParameter): Name = "Manufacturer Part Number"; Value = ""; VariantName = "[No Variations]"
Added Component: Designator=U1(FP-STM32WB55CGU6-MFG)
Add component (AddParameter): Name = "Ambient Temperature Range High"; Value = "+85°C"; VariantName = "[No Variations]"
Add component (AddParameter): Name = "Ambient Temperature Range Low"; Value = "-40°C"; VariantName = "[No Variations]"
Add component (AddParameter): Name = "Automotive"; Value = "No"; VariantName = "[No Variations]"
Add component (AddParameter): Name = "Category"; Value = "IC"; VariantName = "[No Variations]"
Add component (AddParameter): Name = "ComponentLink2Description"; Value = "Datasheet"; VariantName = "[No Variations]"
Add component (AddParameter): Name = "ComponentLink2URL"; Value = "https://www.st.com/resource/en/datasheet/stm32wb55cg.pdf"; VariantName = "[No Variations]"
Add component (AddParameter): Name = "Core Architecture"; Value = "ARM Cortex-M4"; VariantName = "[No Variations]"
Add component (AddParameter): Name = "Data Bus Width"; Value = "32bits"; VariantName = "[No Variations]"
Add component (AddParameter): Name = "Device Class L1"; Value = "Integrated Circuits (ICs)"; VariantName = "[No Variations]"
Add component (AddParameter): Name = "Device Class L2"; Value = "Embedded Processors and Controllers"; VariantName = "[No Variations]"
Add component (AddParameter): Name = "Device Class L3"; Value = "Microcontrollers"; VariantName = "[No Variations]"
Add component (AddParameter): Name = "Digikey Description"; Value = "ULTRA-LOW-POWER DUAL CORE ARM CO"; VariantName = "[No Variations]"
Add component (AddParameter): Name = "Frequency"; Value = "64MHz"; VariantName = "[No Variations]"
Add component (AddParameter): Name = "Height"; Value = "0.65mm"; VariantName = "[No Variations]"
Add component (AddParameter): Name = "Interface"; Value = "I2C,SPI,UART,USART,2-Wire,USB,IrDA,Other"; VariantName = "[No Variations]"
Add component (AddParameter): Name = "Lead Free"; Value = "Yes"; VariantName = "[No Variations]"
Add component (AddParameter): Name = "Manufacturer"; Value = "STMicroelectronics"; VariantName = "[No Variations]"
Add component (AddParameter): Name = "Manufacturer Part Number"; Value = "STM32WB55CGU6"; VariantName = "[No Variations]"
Add component (AddParameter): Name = "Max Junction Temp"; Value = "+105°C"; VariantName = "[No Variations]"
Add component (AddParameter): Name = "Max Supply Voltage"; Value = "3.6V"; VariantName = "[No Variations]"
Add component (AddParameter): Name = "Memory Size"; Value = "1MBytes"; VariantName = "[No Variations]"
Add component (AddParameter): Name = "Memory Type"; Value = "FLASH"; VariantName = "[No Variations]"
Add component (AddParameter): Name = "Min Supply Voltage"; Value = "1.71V"; VariantName = "[No Variations]"
Add component (AddParameter): Name = "Number Of A/D Converters"; Value = "1"; VariantName = "[No Variations]"
Add component (AddParameter): Name = "Number Of Adc Channels"; Value = "13"; VariantName = "[No Variations]"
Add component (AddParameter): Name = "Number Of Cores"; Value = "1"; VariantName = "[No Variations]"
Add component (AddParameter): Name = "Number Of I2C Channels"; Value = "2"; VariantName = "[No Variations]"
Add component (AddParameter): Name = "Number Of I/Os"; Value = "30"; VariantName = "[No Variations]"
Add component (AddParameter): Name = "Number Of Pwm Channels"; Value = "14"; VariantName = "[No Variations]"
Add component (AddParameter): Name = "Number Of Spi Channels"; Value = "1"; VariantName = "[No Variations]"
Add component (AddParameter): Name = "Number Of Timers/Counters"; Value = "6"; VariantName = "[No Variations]"
Add component (AddParameter): Name = "Number Of Uart Channels"; Value = "2"; VariantName = "[No Variations]"
Add component (AddParameter): Name = "Number Of Usb Channels"; Value = "1"; VariantName = "[No Variations]"
Add component (AddParameter): Name = "Octopart"; Value = "https://octopart.com/stm32wb55cgu6-stmicroelectronics-98750847"; VariantName = "[No Variations]"
Add component (AddParameter): Name = "Package"; Value = "UFQFPN48"; VariantName = "[No Variations]"
Add component (AddParameter): Name = "Ram Size"; Value = "256KBytes"; VariantName = "[No Variations]"
Add component (AddParameter): Name = "RoHS"; Value = "TRUE"; VariantName = "[No Variations]"
Add component (AddParameter): Name = "Standoff Height"; Value = "0mm"; VariantName = "[No Variations]"
Add component (AddParameter): Name = "Temperature"; Value = "-40°C to +105°C"; VariantName = "[No Variations]"
Add component (AddParameter): Name = "Temperature Range High"; Value = "+105°C"; VariantName = "[No Variations]"
Add component (AddParameter): Name = "Temperature Range Low"; Value = "-40°C"; VariantName = "[No Variations]"
Added Pin To Net: NetName=NetA1_1 Pin=A1-1
Added Pin To Net: NetName=NetA1_1 Pin=A1-1
Added Pin To Net: NetName=NetA1_1 Pin=A1-1
Added Pin To Net: NetName=NetA1_1 Pin=A1-1
Added Pin To Net: NetName=NetA1_1 Pin=A1-1
Added Pin To Net: NetName=NetA1_1 Pin=A1-1
Added Pin To Net: NetName=NetA1_1 Pin=A1-1
Added Pin To Net: NetName=NetA1_1 Pin=A1-1
Added Pin To Net: NetName=NetA1_1 Pin=A1-1
Added Pin To Net: NetName=GND Pin=A1-2
Added Pin To Net: NetName=GND Pin=A1-2
Added Pin To Net: NetName=GND Pin=BT1-1
Added Pin To Net: NetName=NetBT1_2 Pin=BT1-2
Added Pin To Net: NetName=GND Pin=C1-1
Added Pin To Net: NetName=VFBSMPS Pin=C1-2
Added Pin To Net: NetName=GND Pin=C2-1
Added Pin To Net: NetName=VDDRF Pin=C2-2
Added Pin To Net: NetName=GND Pin=C3-1
Added Pin To Net: NetName=VDDRF Pin=C3-2
Added Pin To Net: NetName=GND Pin=C4-1
Added Pin To Net: NetName=+3.3V Pin=C4-2
Added Pin To Net: NetName=GND Pin=C5-1
Added Pin To Net: NetName=+3.3V Pin=C5-2
Added Pin To Net: NetName=GND Pin=C6-1
Added Pin To Net: NetName=+3.3V Pin=C6-2
Added Pin To Net: NetName=GND Pin=C7-1
Added Pin To Net: NetName=+3.3V Pin=C7-2
Added Pin To Net: NetName=GND Pin=C8-1
Added Pin To Net: NetName=+3.3V Pin=C8-2
Added Pin To Net: NetName=GND Pin=C9-1
Added Pin To Net: NetName=+3.3V Pin=C9-2
Added Pin To Net: NetName=GND Pin=C10-1
Added Pin To Net: NetName=+3.3V Pin=C10-2
Added Pin To Net: NetName=GND Pin=C11-1
Added Pin To Net: NetName=+3.3V Pin=C11-2
Added Pin To Net: NetName=GND Pin=C12-1
Added Pin To Net: NetName=VDDRF Pin=C12-2
Added Pin To Net: NetName=GND Pin=C13-1
Added Pin To Net: NetName=VDDRF Pin=C13-2
Added Pin To Net: NetName=NRST Pin=C14-1
Added Pin To Net: NetName=GND Pin=C14-2
Added Pin To Net: NetName=GND Pin=C15-1
Added Pin To Net: NetName=NetC15_2 Pin=C15-2
Added Pin To Net: NetName=GND Pin=C16-1
Added Pin To Net: NetName=NetC16_2 Pin=C16-2
Added Pin To Net: NetName=GND Pin=C17-1
Added Pin To Net: NetName=+3.3V Pin=C17-2
Added Pin To Net: NetName=+3.3V Pin=C18-1
Added Pin To Net: NetName=GND Pin=C18-2
Added Pin To Net: NetName=GND Pin=C19-1
Added Pin To Net: NetName=+3.3V Pin=C19-2
Added Pin To Net: NetName=GND Pin=C20-1
Added Pin To Net: NetName=+3.3V Pin=C20-2
Added Pin To Net: NetName=GND Pin=C21-1
Added Pin To Net: NetName=VIN Pin=C21-2
Added Pin To Net: NetName=GND Pin=C22-1
Added Pin To Net: NetName=VIN Pin=C22-2
Added Pin To Net: NetName=NetC23_1 Pin=C23-1
Added Pin To Net: NetName=LPUART1_TX Pin=C23-2
Added Pin To Net: NetName=NetC24_1 Pin=C24-1
Added Pin To Net: NetName=USART1_RX Pin=C24-2
Added Pin To Net: NetName=NetC25_1 Pin=C25-1
Added Pin To Net: NetName=NetC25_2 Pin=C25-2
Added Pin To Net: NetName=VIN Pin=C26-1
Added Pin To Net: NetName=GND Pin=C26-2
Added Pin To Net: NetName=+5V Pin=C27-1
Added Pin To Net: NetName=GND Pin=C27-2
Added Pin To Net: NetName=+5V Pin=C28-1
Added Pin To Net: NetName=GND Pin=C28-2
Added Pin To Net: NetName=+5V Pin=C29-1
Added Pin To Net: NetName=GND Pin=C29-2
Added Pin To Net: NetName=GND Pin=C30-1
Added Pin To Net: NetName=NetC30_2 Pin=C30-2
Added Pin To Net: NetName=LOW Pin=D1-A
Added Pin To Net: NetName=NetD1_K Pin=D1-K
Added Pin To Net: NetName=NetD2_A Pin=D2-A
Added Pin To Net: NetName=GND Pin=D2-K
Added Pin To Net: NetName=CRG Pin=D3-A
Added Pin To Net: NetName=NetD3_K Pin=D3-K
Added Pin To Net: NetName=OK Pin=D4-A
Added Pin To Net: NetName=NetD4_K Pin=D4-K
Added Pin To Net: NetName=SWDIO Pin=D5-1
Added Pin To Net: NetName=GND Pin=D5-2
Added Pin To Net: NetName=SWCLK Pin=D6-1
Added Pin To Net: NetName=GND Pin=D6-2
Added Pin To Net: NetName=NetD7_1 Pin=D7-1
Added Pin To Net: NetName=VIN Pin=D7-2
Added Pin To Net: NetName=NetD8_A Pin=D8-A
Added Pin To Net: NetName=NetD8_K Pin=D8-K
Added Pin To Net: NetName=NetD9_A Pin=D9-A
Added Pin To Net: NetName=NetD9_K Pin=D9-K
Added Pin To Net: NetName=GND Pin=D10-1
Added Pin To Net: NetName=NetC25_2 Pin=D10-2
Added Pin To Net: NetName=+5V Pin=J1-1
Added Pin To Net: NetName=A1 Pin=J1-2
Added Pin To Net: NetName=B1 Pin=J1-3
Added Pin To Net: NetName=GND Pin=J1-4
Added Pin To Net: NetName=+5V Pin=J2-1
Added Pin To Net: NetName=A2 Pin=J2-2
Added Pin To Net: NetName=B2 Pin=J2-3
Added Pin To Net: NetName=GND Pin=J2-4
Added Pin To Net: NetName=GND Pin=J3-1
Added Pin To Net: NetName=NetD7_1 Pin=J3-2
Add Pin To Net: Unknown Pin: Pin JP1-1
Add Pin To Net: Unknown Pin: Pin JP1-2
Add Pin To Net: Unknown Pin: Pin JP1-3
Add Pin To Net: Unknown Pin: Pin JP1-4
Added Pin To Net: NetName=VFBSMPS Pin=L1-1
Added Pin To Net: NetName=VLXSMPS Pin=L1-2
Added Pin To Net: NetName=VDDRF Pin=L2-2
Added Pin To Net: NetName=NetC25_2 Pin=L4-1
Added Pin To Net: NetName=+5V Pin=L4-2
Added Pin To Net: NetName=NetC23_1 Pin=Q1-1
Added Pin To Net: NetName=+3.3V Pin=Q1-2
Added Pin To Net: NetName=NetD8_A Pin=Q1-3
Added Pin To Net: NetName=NetC24_1 Pin=Q2-1
Added Pin To Net: NetName=+3.3V Pin=Q2-2
Added Pin To Net: NetName=NetD9_A Pin=Q2-3
Added Pin To Net: NetName=+3.3V Pin=R1-1
Added Pin To Net: NetName=NetD1_K Pin=R1-2
Added Pin To Net: NetName=+3.3V Pin=R2-1
Added Pin To Net: NetName=NRST Pin=R2-2
Added Pin To Net: NetName=NetD2_A Pin=R3-1
Added Pin To Net: NetName=+3.3V Pin=R3-2
Added Pin To Net: NetName=NetBT1_2 Pin=R4-1
Added Pin To Net: NetName=NRST Pin=R4-2
Added Pin To Net: NetName=+3.3V Pin=R5-1
Added Pin To Net: NetName=NetD3_K Pin=R5-2
Added Pin To Net: NetName=+3.3V Pin=R6-1
Added Pin To Net: NetName=NetD4_K Pin=R6-2
Added Pin To Net: NetName=+3.3V Pin=R7-1
Added Pin To Net: NetName=A1 Pin=R7-2
Added Pin To Net: NetName=A1 Pin=R8-1
Added Pin To Net: NetName=B1_3485 Pin=R8-2
Added Pin To Net: NetName=GND Pin=R9-1
Added Pin To Net: NetName=B1 Pin=R9-2
Added Pin To Net: NetName=NetR10_1 Pin=R10-1
Added Pin To Net: NetName=GND Pin=R10-2
Added Pin To Net: NetName=GND Pin=R11-1
Added Pin To Net: NetName=B2 Pin=R11-2
Added Pin To Net: NetName=+3.3V Pin=R12-1
Added Pin To Net: NetName=A2 Pin=R12-2
Added Pin To Net: NetName=A2 Pin=R13-1
Added Pin To Net: NetName=B2 Pin=R13-2
Added Pin To Net: NetName=LPUART1_TX Pin=R14-1
Added Pin To Net: NetName=NetC23_1 Pin=R14-2
Added Pin To Net: NetName=USART1_RX Pin=R15-1
Added Pin To Net: NetName=NetC24_1 Pin=R15-2
Added Pin To Net: NetName=NetD8_K Pin=R16-1
Added Pin To Net: NetName=GND Pin=R16-2
Added Pin To Net: NetName=NetD9_K Pin=R17-1
Added Pin To Net: NetName=GND Pin=R17-2
Added Pin To Net: NetName=VIN Pin=R18-1
Added Pin To Net: NetName=NetR18_2 Pin=R18-2
Added Pin To Net: NetName=+5V Pin=R19-1
Added Pin To Net: NetName=FB Pin=R19-2
Added Pin To Net: NetName=NetC30_2 Pin=R20-1
Added Pin To Net: NetName=NetR20_2 Pin=R20-2
Added Pin To Net: NetName=FB Pin=R21-1
Added Pin To Net: NetName=GND Pin=R21-2
Added Pin To Net: NetName=NetR18_2 Pin=R22-1
Added Pin To Net: NetName=GND Pin=R22-2
Added Pin To Net: NetName=NetR23_1 Pin=R23-1
Added Pin To Net: NetName=GND Pin=R23-2
Added Pin To Net: NetName=+3.3V Pin=U1-1
Added Pin To Net: NetName=NetR10_1 Pin=U1-4
Added Pin To Net: NetName=NRST Pin=U1-7
Added Pin To Net: NetName=VDDRF Pin=U1-8
Added Pin To Net: NetName=LPUART1_TX Pin=U1-11
Added Pin To Net: NetName=LPUART1_RX Pin=U1-12
Added Pin To Net: NetName=RE_1 Pin=U1-13
Added Pin To Net: NetName=DE_1 Pin=U1-14
Added Pin To Net: NetName=+3.3V Pin=U1-20
Added Pin To Net: NetName=NetC15_2 Pin=U1-21
Added Pin To Net: NetName=GND Pin=U1-22
Added Pin To Net: NetName=VDDRF Pin=U1-23
Added Pin To Net: NetName=NetU1_24 Pin=U1-24
Added Pin To Net: NetName=NetU1_25 Pin=U1-25
Added Pin To Net: NetName=LOW Pin=U1-28
Added Pin To Net: NetName=CRG Pin=U1-29
Added Pin To Net: NetName=OK Pin=U1-30
Added Pin To Net: NetName=VFBSMPS Pin=U1-31
Added Pin To Net: NetName=GND Pin=U1-32
Added Pin To Net: NetName=VLXSMPS Pin=U1-33
Added Pin To Net: NetName=+3.3V Pin=U1-34
Added Pin To Net: NetName=+3.3V Pin=U1-35
Added Pin To Net: NetName=USART1_RX Pin=U1-36
Added Pin To Net: NetName=DE_2 Pin=U1-37
Added Pin To Net: NetName=RE_2 Pin=U1-38
Added Pin To Net: NetName=SWDIO Pin=U1-39
Added Pin To Net: NetName=+3.3V Pin=U1-40
Added Pin To Net: NetName=SWCLK Pin=U1-41
Added Pin To Net: NetName=USART1_TX Pin=U1-46
Added Pin To Net: NetName=+3.3V Pin=U1-48
Added Pin To Net: NetName=GND Pin=U1-49
Added Pin To Net: NetName=NetC16_2 Pin=U2-1
Added Pin To Net: NetName=GND Pin=U2-2
Added Pin To Net: NetName=NetA1_1 Pin=U2-3
Added Pin To Net: NetName=GND Pin=U2-4
Added Pin To Net: NetName=A1 Pin=U3-1
Added Pin To Net: NetName=B1_3485 Pin=U3-2
Added Pin To Net: NetName=GND Pin=U3-3
Added Pin To Net: NetName=LPUART1_RX Pin=U4-1
Added Pin To Net: NetName=RE_1 Pin=U4-2
Added Pin To Net: NetName=DE_1 Pin=U4-3
Added Pin To Net: NetName=LPUART1_TX Pin=U4-4
Added Pin To Net: NetName=GND Pin=U4-5
Added Pin To Net: NetName=A1 Pin=U4-6
Added Pin To Net: NetName=B1_3485 Pin=U4-7
Added Pin To Net: NetName=+3.3V Pin=U4-8
Added Pin To Net: NetName=A2 Pin=U5-1
Added Pin To Net: NetName=B2 Pin=U5-2
Added Pin To Net: NetName=GND Pin=U5-3
Added Pin To Net: NetName=USART1_RX Pin=U6-1
Added Pin To Net: NetName=RE_2 Pin=U6-2
Added Pin To Net: NetName=DE_2 Pin=U6-3
Added Pin To Net: NetName=USART1_TX Pin=U6-4
Added Pin To Net: NetName=GND Pin=U6-5
Added Pin To Net: NetName=A2 Pin=U6-6
Added Pin To Net: NetName=B2 Pin=U6-7
Added Pin To Net: NetName=+3.3V Pin=U6-8
Added Pin To Net: NetName=GND Pin=U7-1
Added Pin To Net: NetName=+3.3V Pin=U7-2
Added Pin To Net: NetName=+5V Pin=U7-3
Added Pin To Net: NetName=+3.3V Pin=U7-4
Added Pin To Net: NetName=NetC25_2 Pin=U8-1
Added Pin To Net: NetName=NetR18_2 Pin=U8-2
Added Pin To Net: NetName=NetR20_2 Pin=U8-3
Added Pin To Net: NetName=FB Pin=U8-4
Added Pin To Net: NetName=GND Pin=U8-5
Added Pin To Net: NetName=NetR23_1 Pin=U8-6
Added Pin To Net: NetName=VIN Pin=U8-7
Added Pin To Net: NetName=NetC25_1 Pin=U8-8
Added Pin To Net: NetName=NetU1_25 Pin=Y1-1
Added Pin To Net: NetName=GND Pin=Y1-2
Added Pin To Net: NetName=NetU1_24 Pin=Y1-3
Added Pin To Net: NetName=GND Pin=Y1-4
Added Member To Class: ClassName=S4V_Robot_Brain_V2.0_Schematic Member=Component A1
Added Member To Class: ClassName=S4V_Robot_Brain_V2.0_Schematic Member=Component BT1 Nut Nhan 2 Chan SMD 3x6x2.5
Added Member To Class: ClassName=S4V_Robot_Brain_V2.0_Schematic Member=Component C1 Capacitor 0.1 uF +/- 5% 16 V 0402
Added Member To Class: ClassName=S4V_Robot_Brain_V2.0_Schematic Member=Component C2 Capacitor 0.1 uF +/- 5% 16 V 0402
Added Member To Class: ClassName=S4V_Robot_Brain_V2.0_Schematic Member=Component C3 Capacitor 0.1 uF +/- 5% 16 V 0402
Added Member To Class: ClassName=S4V_Robot_Brain_V2.0_Schematic Member=Component C4 Capacitor 0.1 uF +/- 5% 16 V 0402
Added Member To Class: ClassName=S4V_Robot_Brain_V2.0_Schematic Member=Component C5 Capacitor 0.1 uF +/- 5% 16 V 0402
Added Member To Class: ClassName=S4V_Robot_Brain_V2.0_Schematic Member=Component C6 Capacitor 0.1 uF +/- 5% 16 V 0402
Added Member To Class: ClassName=S4V_Robot_Brain_V2.0_Schematic Member=Component C7 Capacitor 0.1 uF +/- 5% 16 V 0402
Added Member To Class: ClassName=S4V_Robot_Brain_V2.0_Schematic Member=Component C8 Capacitor 0.1 uF +/- 5% 16 V 0402
Added Member To Class: ClassName=S4V_Robot_Brain_V2.0_Schematic Member=Component C9 Capacitor 0.1 uF +/- 5% 16 V 0402
Added Member To Class: ClassName=S4V_Robot_Brain_V2.0_Schematic Member=Component C10 Capacitor 0.1 uF +/- 5% 16 V 0402
Added Member To Class: ClassName=S4V_Robot_Brain_V2.0_Schematic Member=Component C11 Capacitor 0.1 uF +/- 5% 16 V 0402
Added Member To Class: ClassName=S4V_Robot_Brain_V2.0_Schematic Member=Component C12 Capacitor 0.1 uF +/- 5% 16 V 0402
Added Member To Class: ClassName=S4V_Robot_Brain_V2.0_Schematic Member=Component C13 Capacitor 0.1 uF +/- 5% 16 V 0402
Added Member To Class: ClassName=S4V_Robot_Brain_V2.0_Schematic Member=Component C14 100nF
Added Member To Class: ClassName=S4V_Robot_Brain_V2.0_Schematic Member=Component C15 Capacitor 0.1 uF +/- 5% 16 V 0402
Added Member To Class: ClassName=S4V_Robot_Brain_V2.0_Schematic Member=Component C16 Capacitor 0.1 uF +/- 5% 16 V 0402
Added Member To Class: ClassName=S4V_Robot_Brain_V2.0_Schematic Member=Component C17 Capacitor 1uF +/- 10% 16V 0603
Added Member To Class: ClassName=S4V_Robot_Brain_V2.0_Schematic Member=Component C18 Capacitor 1uF +/- 10% 16V 0603
Added Member To Class: ClassName=S4V_Robot_Brain_V2.0_Schematic Member=Component C19 10uF
Added Member To Class: ClassName=S4V_Robot_Brain_V2.0_Schematic Member=Component C20 100nF
Added Member To Class: ClassName=S4V_Robot_Brain_V2.0_Schematic Member=Component C21 10uF
Added Member To Class: ClassName=S4V_Robot_Brain_V2.0_Schematic Member=Component C22 100nF
Added Member To Class: ClassName=S4V_Robot_Brain_V2.0_Schematic Member=Component C23 100nF
Added Member To Class: ClassName=S4V_Robot_Brain_V2.0_Schematic Member=Component C24 100nF
Added Member To Class: ClassName=S4V_Robot_Brain_V2.0_Schematic Member=Component C25 100nF
Added Member To Class: ClassName=S4V_Robot_Brain_V2.0_Schematic Member=Component C26 10uF
Added Member To Class: ClassName=S4V_Robot_Brain_V2.0_Schematic Member=Component C27 22uF
Added Member To Class: ClassName=S4V_Robot_Brain_V2.0_Schematic Member=Component C28 22uF
Added Member To Class: ClassName=S4V_Robot_Brain_V2.0_Schematic Member=Component C29 100nF
Added Member To Class: ClassName=S4V_Robot_Brain_V2.0_Schematic Member=Component C30 150pF
Added Member To Class: ClassName=S4V_Robot_Brain_V2.0_Schematic Member=Component D1 RED
Added Member To Class: ClassName=S4V_Robot_Brain_V2.0_Schematic Member=Component D2 RED
Added Member To Class: ClassName=S4V_Robot_Brain_V2.0_Schematic Member=Component D3 BLUE
Added Member To Class: ClassName=S4V_Robot_Brain_V2.0_Schematic Member=Component D4 GREEN
Added Member To Class: ClassName=S4V_Robot_Brain_V2.0_Schematic Member=Component D5 SMLVT3V3
Added Member To Class: ClassName=S4V_Robot_Brain_V2.0_Schematic Member=Component D6 SMLVT3V3
Added Member To Class: ClassName=S4V_Robot_Brain_V2.0_Schematic Member=Component D7 SS34
Added Member To Class: ClassName=S4V_Robot_Brain_V2.0_Schematic Member=Component D8 BLUE
Added Member To Class: ClassName=S4V_Robot_Brain_V2.0_Schematic Member=Component D9 BLUE
Added Member To Class: ClassName=S4V_Robot_Brain_V2.0_Schematic Member=Component D10 SS34
Added Member To Class: ClassName=S4V_Robot_Brain_V2.0_Schematic Member=Component J1 JST_SH1.0
Added Member To Class: ClassName=S4V_Robot_Brain_V2.0_Schematic Member=Component J2 JST_SH1.0
Added Member To Class: ClassName=S4V_Robot_Brain_V2.0_Schematic Member=Component J3 XT60PW-F
Add Class Member: Failed to add class member : Component JP1 JP 1x04
Added Member To Class: ClassName=S4V_Robot_Brain_V2.0_Schematic Member=Component L1 LQP15MN3N6B02D
Added Member To Class: ClassName=S4V_Robot_Brain_V2.0_Schematic Member=Component L2 1kOhm 100Mhz
Added Member To Class: ClassName=S4V_Robot_Brain_V2.0_Schematic Member=Component L3 2.7nH
Added Member To Class: ClassName=S4V_Robot_Brain_V2.0_Schematic Member=Component L4 15uH
Added Member To Class: ClassName=S4V_Robot_Brain_V2.0_Schematic Member=Component Q1 PNP
Added Member To Class: ClassName=S4V_Robot_Brain_V2.0_Schematic Member=Component Q2 PNP
Added Member To Class: ClassName=S4V_Robot_Brain_V2.0_Schematic Member=Component R1 1k
Added Member To Class: ClassName=S4V_Robot_Brain_V2.0_Schematic Member=Component R2 10k
Added Member To Class: ClassName=S4V_Robot_Brain_V2.0_Schematic Member=Component R3 1k
Added Member To Class: ClassName=S4V_Robot_Brain_V2.0_Schematic Member=Component R4 330
Added Member To Class: ClassName=S4V_Robot_Brain_V2.0_Schematic Member=Component R5 1k
Added Member To Class: ClassName=S4V_Robot_Brain_V2.0_Schematic Member=Component R6 1k
Added Member To Class: ClassName=S4V_Robot_Brain_V2.0_Schematic Member=Component R7 1k
Added Member To Class: ClassName=S4V_Robot_Brain_V2.0_Schematic Member=Component R8 120
Added Member To Class: ClassName=S4V_Robot_Brain_V2.0_Schematic Member=Component R9 1k
Added Member To Class: ClassName=S4V_Robot_Brain_V2.0_Schematic Member=Component R10 10k
Added Member To Class: ClassName=S4V_Robot_Brain_V2.0_Schematic Member=Component R11 1k
Added Member To Class: ClassName=S4V_Robot_Brain_V2.0_Schematic Member=Component R12 1k
Added Member To Class: ClassName=S4V_Robot_Brain_V2.0_Schematic Member=Component R13 120
Added Member To Class: ClassName=S4V_Robot_Brain_V2.0_Schematic Member=Component R14 330
Added Member To Class: ClassName=S4V_Robot_Brain_V2.0_Schematic Member=Component R15 330
Added Member To Class: ClassName=S4V_Robot_Brain_V2.0_Schematic Member=Component R16 330
Added Member To Class: ClassName=S4V_Robot_Brain_V2.0_Schematic Member=Component R17 330
Added Member To Class: ClassName=S4V_Robot_Brain_V2.0_Schematic Member=Component R18 100k
Added Member To Class: ClassName=S4V_Robot_Brain_V2.0_Schematic Member=Component R19 210k
Added Member To Class: ClassName=S4V_Robot_Brain_V2.0_Schematic Member=Component R20 10k
Added Member To Class: ClassName=S4V_Robot_Brain_V2.0_Schematic Member=Component R21 40.2k
Added Member To Class: ClassName=S4V_Robot_Brain_V2.0_Schematic Member=Component R22 24.9k
Added Member To Class: ClassName=S4V_Robot_Brain_V2.0_Schematic Member=Component R23 10k
Added Member To Class: ClassName=S4V_Robot_Brain_V2.0_Schematic Member=Component U1 STM32WB55CGU6
Added Member To Class: ClassName=S4V_Robot_Brain_V2.0_Schematic Member=Component U2 DLF162500LT-5028A1
Added Member To Class: ClassName=S4V_Robot_Brain_V2.0_Schematic Member=Component U3 PSM712-LF-T7
Added Member To Class: ClassName=S4V_Robot_Brain_V2.0_Schematic Member=Component U4 MAX3485ESA+
Added Member To Class: ClassName=S4V_Robot_Brain_V2.0_Schematic Member=Component U5 PSM712-LF-T7
Added Member To Class: ClassName=S4V_Robot_Brain_V2.0_Schematic Member=Component U6 MAX3485ESA+
Added Member To Class: ClassName=S4V_Robot_Brain_V2.0_Schematic Member=Component U7 AMS1117-3.3
Added Member To Class: ClassName=S4V_Robot_Brain_V2.0_Schematic Member=Component U8 MP1584EN-LF-Z
Added Member To Class: ClassName=S4V_Robot_Brain_V2.0_Schematic Member=Component Y1 NX2016SA-32MHZ
