Added Pin To Net: NetName=+3V3 Pin=C6-2
Added Pin To Net: NetName=+3V3 Pin=C7-2
Added Pin To Net: NetName=+3V3 Pin=C8-2
Added Pin To Net: NetName=+3V3 Pin=C9-2
Added Pin To Net: NetName=+3V3 Pin=C10-2
Added Pin To Net: NetName=+3V3 Pin=C11-2
Added Pin To Net: NetName=+3V3 Pin=C12-2
Added Pin To Net: NetName=+3V3 Pin=C13-2
Added Pin To Net: NetName=+3V3 Pin=C14-2
Added Pin To Net: NetName=+3V3 Pin=C15-2
Added Pin To Net: NetName=+3V3 Pin=C16-2
Added Pin To Net: NetName=+3V3 Pin=C18-2
Added Pin To Net: NetName=+3V3 Pin=D3-A
Added Pin To Net: NetName=+3V3 Pin=D4-A
Added Pin To Net: NetName=+3V3 Pin=D5-A
Added Pin To Net: NetName=+3V3 Pin=R1-2
Added Pin To Net: NetName=+3V3 Pin=R2-2
Added Pin To Net: NetName=+3V3 Pin=R6-2
Added Pin To Net: NetName=+3V3 Pin=R8-1
Added Pin To Net: NetName=+3V3 Pin=U1-1
Added Pin To Net: NetName=+3V3 Pin=U1-9
Added Pin To Net: NetName=+3V3 Pin=U1-24
Added Pin To Net: NetName=+3V3 Pin=U1-36
Added Pin To Net: NetName=+3V3 Pin=U1-48
Added Pin To Net: NetName=+3V3 Pin=U2-2
Added Pin To Net: NetName=+3V3 Pin=U2-4
Added Pin To Net: NetName=+3V3 Pin=U3-8
Added Pin To Net: NetName=+3V3 Pin=U5-8
Added Pin To Net: NetName=+3V3 Pin=U5-13
Added Net: Name=+3V3
Added Pin To Net: NetName=+5V Pin=C?-2
Added Pin To Net: NetName=+5V Pin=CR1-5
Added Pin To Net: NetName=+5V Pin=J1-A4/B9
Added Pin To Net: NetName=+5V Pin=J1-B4/A9
Added Pin To Net: NetName=+5V Pin=J?-1
Added Pin To Net: NetName=+5V Pin=JP1-4
Added Pin To Net: NetName=+5V Pin=U2-3
Added Net: Name=+5V
Added Pin To Net: NetName=A_3485 Pin=R10-1
Added Pin To Net: NetName=A_3485 Pin=U4-1
Added Net: Name=A_3485
Added Pin To Net: NetName=B_3485 Pin=R10-2
Added Pin To Net: NetName=B_3485 Pin=U4-2
Added Net: Name=B_3485
Added Pin To Net: NetName=DE Pin=U1-20
Added Pin To Net: NetName=DE Pin=U3-3
Added Net: Name=DE
Added Pin To Net: NetName=FAULT Pin=R12-2
Added Pin To Net: NetName=FAULT Pin=U1-13
Added Net: Name=FAULT
Added Pin To Net: NetName=GND Pin=BT1-2
Added Pin To Net: NetName=GND Pin=C1-1
Added Pin To Net: NetName=GND Pin=C2-1
Added Pin To Net: NetName=GND Pin=C3-1
Added Pin To Net: NetName=GND Pin=C4-1
Added Pin To Net: NetName=GND Pin=C5-1
Added Pin To Net: NetName=GND Pin=C6-1
Added Pin To Net: NetName=GND Pin=C7-1
Added Pin To Net: NetName=GND Pin=C8-1
Added Pin To Net: NetName=GND Pin=C9-1
Added Pin To Net: NetName=GND Pin=C10-1
Added Pin To Net: NetName=GND Pin=C11-1
Added Pin To Net: NetName=GND Pin=C12-1
Added Pin To Net: NetName=GND Pin=C13-1
Added Pin To Net: NetName=GND Pin=C14-1
Added Pin To Net: NetName=GND Pin=C15-1
Added Pin To Net: NetName=GND Pin=C16-1
Added Pin To Net: NetName=GND Pin=C17-1
Added Pin To Net: NetName=GND Pin=C19-1
Added Pin To Net: NetName=GND Pin=C20-1
Added Pin To Net: NetName=GND Pin=C?-1
Added Pin To Net: NetName=GND Pin=CR1-2
Added Pin To Net: NetName=GND Pin=D1-2
Added Pin To Net: NetName=GND Pin=D2-2
Added Pin To Net: NetName=GND Pin=J1-1
Added Pin To Net: NetName=GND Pin=J1-2
Added Pin To Net: NetName=GND Pin=J1-3
Added Pin To Net: NetName=GND Pin=J1-4
Added Pin To Net: NetName=GND Pin=J1-5
Added Pin To Net: NetName=GND Pin=J1-6
Added Pin To Net: NetName=GND Pin=J1-A1/B12
Added Pin To Net: NetName=GND Pin=J1-A12/B1
Added Pin To Net: NetName=GND Pin=J?-4
Added Pin To Net: NetName=GND Pin=JP1-1
Added Pin To Net: NetName=GND Pin=R3-2
Added Pin To Net: NetName=GND Pin=R4-2
Added Pin To Net: NetName=GND Pin=R5-2
Added Pin To Net: NetName=GND Pin=R9-1
Added Pin To Net: NetName=GND Pin=R11-2
Added Pin To Net: NetName=GND Pin=U1-8
Added Pin To Net: NetName=GND Pin=U1-23
Added Pin To Net: NetName=GND Pin=U1-35
Added Pin To Net: NetName=GND Pin=U1-47
Added Pin To Net: NetName=GND Pin=U2-1
Added Pin To Net: NetName=GND Pin=U3-5
Added Pin To Net: NetName=GND Pin=U4-3
Added Pin To Net: NetName=GND Pin=U5-1
Added Pin To Net: NetName=GND Pin=U5-9
Added Pin To Net: NetName=GND Pin=U5-11
Added Pin To Net: NetName=GND Pin=U5-18
Added Pin To Net: NetName=GND Pin=U5-25
Added Pin To Net: NetName=GND Pin=X1-2
Added Pin To Net: NetName=GND Pin=X1-4
Added Net: Name=GND
Added Pin To Net: NetName=IMU_CPOUT Pin=C19-2
Added Pin To Net: NetName=IMU_CPOUT Pin=U5-20
Added Net: Name=IMU_CPOUT
Added Pin To Net: NetName=IMU_INT Pin=U1-45
Added Pin To Net: NetName=IMU_INT Pin=U5-12
Added Net: Name=IMU_INT
Added Pin To Net: NetName=IMU_REGOUT Pin=C17-2
Added Pin To Net: NetName=IMU_REGOUT Pin=U5-10
Added Net: Name=IMU_REGOUT
Added Pin To Net: NetName=IMU_SCL Pin=R1-1
Added Pin To Net: NetName=IMU_SCL Pin=U1-42
Added Pin To Net: NetName=IMU_SCL Pin=U5-23
Added Net: Name=IMU_SCL
Added Pin To Net: NetName=IMU_SDA Pin=R2-1
Added Pin To Net: NetName=IMU_SDA Pin=U1-43
Added Pin To Net: NetName=IMU_SDA Pin=U5-24
Added Net: Name=IMU_SDA
Added Pin To Net: NetName=MCU_OSCIN Pin=C1-2
Added Pin To Net: NetName=MCU_OSCIN Pin=U1-3
Added Pin To Net: NetName=MCU_OSCIN Pin=X1-1
Added Net: Name=MCU_OSCIN
Added Pin To Net: NetName=MCU_OSCOUT Pin=C2-2
Added Pin To Net: NetName=MCU_OSCOUT Pin=U1-4
Added Pin To Net: NetName=MCU_OSCOUT Pin=X1-3
Added Net: Name=MCU_OSCOUT
Added Pin To Net: NetName=NetBT1_1 Pin=BT1-1
Added Pin To Net: NetName=NetBT1_1 Pin=R7-2
Added Net: Name=NetBT1_1
Added Pin To Net: NetName=NetC3_2 Pin=C3-2
Added Pin To Net: NetName=NetC3_2 Pin=R6-1
Added Net: Name=NetC3_2
Added Pin To Net: NetName=NetD3_K Pin=D3-K
Added Pin To Net: NetName=NetD3_K Pin=R11-1
Added Net: Name=NetD3_K
Added Pin To Net: NetName=NetD4_K Pin=D4-K
Added Pin To Net: NetName=NetD4_K Pin=R12-1
Added Net: Name=NetD4_K
Added Pin To Net: NetName=NetD5_K Pin=D5-K
Added Pin To Net: NetName=NetD5_K Pin=R13-1
Added Net: Name=NetD5_K
Added Pin To Net: NetName=NetJ1_A5 Pin=J1-A5
Added Pin To Net: NetName=NetJ1_A5 Pin=R3-1
Added Net: Name=NetJ1_A5
Added Pin To Net: NetName=NetJ1_B5 Pin=J1-B5
Added Pin To Net: NetName=NetJ1_B5 Pin=R4-1
Added Net: Name=NetJ1_B5
Added Pin To Net: NetName=NetR5_1 Pin=R5-1
Added Pin To Net: NetName=NetR5_1 Pin=U1-44
Added Net: Name=NetR5_1
Added Pin To Net: NetName=NetR7_1 Pin=R7-1
Added Pin To Net: NetName=NetR7_1 Pin=U1-7
Added Net: Name=NetR7_1
Added Pin To Net: NetName=OK Pin=R13-2
Added Pin To Net: NetName=OK Pin=U1-14
Added Net: Name=OK
Added Pin To Net: NetName=RE Pin=U1-19
Added Pin To Net: NetName=RE Pin=U3-2
Added Net: Name=RE
Added Pin To Net: NetName=RS485_N Pin=J?-3
Added Pin To Net: NetName=RS485_N Pin=R9-2
Added Pin To Net: NetName=RS485_N Pin=U3-7
Added Net: Name=RS485_N
Added Pin To Net: NetName=RS485_P Pin=J?-2
Added Pin To Net: NetName=RS485_P Pin=R8-2
Added Pin To Net: NetName=RS485_P Pin=U3-6
Added Net: Name=RS485_P
Added Pin To Net: NetName=SWCLK Pin=D2-1
Added Pin To Net: NetName=SWCLK Pin=JP1-3
Added Pin To Net: NetName=SWCLK Pin=U1-37
Added Net: Name=SWCLK
Added Pin To Net: NetName=SWDIO Pin=D1-1
Added Pin To Net: NetName=SWDIO Pin=JP1-2
Added Pin To Net: NetName=SWDIO Pin=U1-34
Added Net: Name=SWDIO
Added Pin To Net: NetName=USART3_RX Pin=U1-22
Added Pin To Net: NetName=USART3_RX Pin=U3-1
Added Net: Name=USART3_RX
Added Pin To Net: NetName=USART3_TX Pin=U1-21
Added Pin To Net: NetName=USART3_TX Pin=U3-4
Added Net: Name=USART3_TX
Added Pin To Net: NetName=USB_D_CON_N Pin=CR1-4
Added Pin To Net: NetName=USB_D_CON_N Pin=U1-32
Added Net: Name=USB_D_CON_N
Added Pin To Net: NetName=USB_D_CON_P Pin=CR1-6
Added Pin To Net: NetName=USB_D_CON_P Pin=U1-33
Added Net: Name=USB_D_CON_P
Added Pin To Net: NetName=USB_D_N Pin=CR1-3
Added Pin To Net: NetName=USB_D_N Pin=J1-A7
Added Pin To Net: NetName=USB_D_N Pin=J1-B7
Added Net: Name=USB_D_N
Added Pin To Net: NetName=USB_D_P Pin=CR1-1
Added Pin To Net: NetName=USB_D_P Pin=J1-A6
Added Pin To Net: NetName=USB_D_P Pin=J1-B6
Added Net: Name=USB_D_P
Added Class: Name=S4V_IMU_Sensor_Module_Board_V1.0_Schematic
Added Differential Pair: Name=RS485
Added Differential Pair: Name=USB_D_CON
Added Differential Pair: Name=USB_D
Added Class: Name=90R
Added Class: Name=120R
